<authentication hash="sha-1" case-sensitivity="true">
  <user name="user1" password="1234" permissions="user" tenants="zoneA" />
  <user name="user2" password="a94a8fe5ccb19ba61c4c0873d391e987982fbbd3" permissions="read_only" />
</authentication>